Tue Jun 24 2025 9:19:41 [MY_SERVER] info: [46m🚀 Database connected successfully[49m
Tue Jun 24 2025 9:19:41 [MY_SERVER] info: [33m♻️ Socket is listening on http://10.0.60.126:5000[39m
Tue Jun 24 2025 9:19:41 [MY_SERVER] info: [33m♻️  Application listening on http://10.0.60.126:5000[39m
Tue Jun 24 2025 9:19:41 [MY_SERVER] info: [34mA user connected[39m
Tue Jun 24 2025 9:20:25 [MY_SERVER] info: [31mA user disconnect[39m
Tue Jun 24 2025 9:21:7 [MY_SERVER] info: [34mA user connected[39m
Tue Jun 24 2025 9:21:52 [MY_SERVER] info: [31mA user disconnect[39m
Tue Jun 24 2025 9:22:34 [MY_SERVER] info: [34mA user connected[39m
Tue Jun 24 2025 9:22:56 [MY_SERVER] info: [34mA user connected[39m
Tue Jun 24 2025 9:22:59 [MY_SERVER] info: [31mA user disconnect[39m
Tue Jun 24 2025 9:23:15 [MY_SERVER] info: [31mA user disconnect[39m
Tue Jun 24 2025 9:23:17 [MY_SERVER] info: [34mA user connected[39m
Tue Jun 24 2025 9:24:27 [MY_SERVER] info: [31mA user disconnect[39m
Tue Jun 24 2025 9:25:9 [MY_SERVER] info: [34mA user connected[39m
Tue Jun 24 2025 9:25:53 [MY_SERVER] info: [31mA user disconnect[39m
Tue Jun 24 2025 9:26:35 [MY_SERVER] info: [34mA user connected[39m
Tue Jun 24 2025 9:27:19 [MY_SERVER] info: [31mA user disconnect[39m
Tue Jun 24 2025 9:28:1 [MY_SERVER] info: [34mA user connected[39m
Tue Jun 24 2025 9:28:45 [MY_SERVER] info: [31mA user disconnect[39m
Tue Jun 24 2025 9:29:27 [MY_SERVER] info: [34mA user connected[39m
Tue Jun 24 2025 9:30:11 [MY_SERVER] info: [31mA user disconnect[39m
Tue Jun 24 2025 9:30:51 [MY_SERVER] info: [34mA user connected[39m
