Wed Aug 27 2025 18:0:2 [MY_SERVER] info: [31mA user disconnect[39m
Wed Aug 27 2025 18:0:2 [MY_SERVER] info: [34mA user connected[39m
Wed Aug 27 2025 18:0:9 [MY_SERVER] info: [31mA user disconnect[39m
Wed Aug 27 2025 18:0:9 [MY_SERVER] info: [34mA user connected[39m
Wed Aug 27 2025 18:0:10 [MY_SERVER] info: [31mA user disconnect[39m
Wed Aug 27 2025 18:0:10 [MY_SERVER] info: [34mA user connected[39m
Wed Aug 27 2025 18:1:57 [MY_SERVER] info: [31mA user disconnect[39m
Wed Aug 27 2025 18:1:57 [MY_SERVER] info: [34mA user connected[39m
Wed Aug 27 2025 18:2:6 [MY_SERVER] info: [31mA user disconnect[39m
Wed Aug 27 2025 18:2:6 [MY_SERVER] info: [34mA user connected[39m
Wed Aug 27 2025 18:2:16 [MY_SERVER] info: [31mA user disconnect[39m
Wed Aug 27 2025 18:2:16 [MY_SERVER] info: [34mA user connected[39m
Wed Aug 27 2025 18:2:24 [MY_SERVER] info: [46m🚀 Database connected successfully[49m
Wed Aug 27 2025 18:2:24 [MY_SERVER] info: [33m♻️ Socket is listening on http://10.10.7.62:5000[39m
Wed Aug 27 2025 18:2:24 [MY_SERVER] info: [33m♻️  Application listening on http://10.10.7.62:5000[39m
Wed Aug 27 2025 18:2:25 [MY_SERVER] info: [34mA user connected[39m
Wed Aug 27 2025 18:2:25 [MY_SERVER] info: [34mA user connected[39m
Wed Aug 27 2025 18:2:27 [MY_SERVER] info: [31mA user disconnect[39m
Wed Aug 27 2025 18:2:27 [MY_SERVER] info: [34mA user connected[39m
Wed Aug 27 2025 18:2:37 [MY_SERVER] info: [46m🚀 Database connected successfully[49m
Wed Aug 27 2025 18:2:37 [MY_SERVER] info: [33m♻️ Socket is listening on http://10.10.7.62:5000[39m
Wed Aug 27 2025 18:2:37 [MY_SERVER] info: [33m♻️  Application listening on http://10.10.7.62:5000[39m
Wed Aug 27 2025 18:2:38 [MY_SERVER] info: [46m🚀 Database connected successfully[49m
Wed Aug 27 2025 18:2:38 [MY_SERVER] info: [33m♻️ Socket is listening on http://10.10.7.62:5000[39m
Wed Aug 27 2025 18:2:38 [MY_SERVER] info: [33m♻️  Application listening on http://10.10.7.62:5000[39m
Wed Aug 27 2025 18:2:38 [MY_SERVER] info: [34mA user connected[39m
Wed Aug 27 2025 18:2:38 [MY_SERVER] info: [34mA user connected[39m
Wed Aug 27 2025 18:3:39 [MY_SERVER] info: [46m🚀 Database connected successfully[49m
Wed Aug 27 2025 18:3:39 [MY_SERVER] info: [33m♻️ Socket is listening on http://10.10.7.62:5000[39m
Wed Aug 27 2025 18:3:39 [MY_SERVER] info: [33m♻️  Application listening on http://10.10.7.62:5000[39m
Wed Aug 27 2025 18:3:39 [MY_SERVER] info: [34mA user connected[39m
Wed Aug 27 2025 18:3:39 [MY_SERVER] info: [34mA user connected[39m
Wed Aug 27 2025 18:3:46 [MY_SERVER] info: [46m🚀 Database connected successfully[49m
Wed Aug 27 2025 18:3:46 [MY_SERVER] info: [33m♻️ Socket is listening on http://10.10.7.62:5000[39m
Wed Aug 27 2025 18:3:46 [MY_SERVER] info: [33m♻️  Application listening on http://10.10.7.62:5000[39m
Wed Aug 27 2025 18:3:46 [MY_SERVER] info: [34mA user connected[39m
Wed Aug 27 2025 18:3:46 [MY_SERVER] info: [34mA user connected[39m
Wed Aug 27 2025 18:4:2 [MY_SERVER] info: [31mA user disconnect[39m
Wed Aug 27 2025 18:4:2 [MY_SERVER] info: [34mA user connected[39m
Wed Aug 27 2025 18:4:6 [MY_SERVER] info: [31mA user disconnect[39m
Wed Aug 27 2025 18:4:6 [MY_SERVER] info: [34mA user connected[39m
Wed Aug 27 2025 18:4:7 [MY_SERVER] info: [31mA user disconnect[39m
Wed Aug 27 2025 18:4:7 [MY_SERVER] info: [34mA user connected[39m
Wed Aug 27 2025 18:4:16 [MY_SERVER] info: [34mA user connected[39m
Wed Aug 27 2025 18:4:18 [MY_SERVER] info: [34mA user connected[39m
Wed Aug 27 2025 18:4:41 [MY_SERVER] info: [31mA user disconnect[39m
Wed Aug 27 2025 18:4:41 [MY_SERVER] info: [34mA user connected[39m
Wed Aug 27 2025 18:4:41 [MY_SERVER] info: [31mA user disconnect[39m
Wed Aug 27 2025 18:4:41 [MY_SERVER] info: [34mA user connected[39m
Wed Aug 27 2025 18:4:44 [MY_SERVER] info: [31mA user disconnect[39m
Wed Aug 27 2025 18:4:44 [MY_SERVER] info: [34mA user connected[39m
Wed Aug 27 2025 18:4:44 [MY_SERVER] info: [31mA user disconnect[39m
Wed Aug 27 2025 18:4:44 [MY_SERVER] info: [34mA user connected[39m
Wed Aug 27 2025 18:5:4 [MY_SERVER] info: [31mA user disconnect[39m
Wed Aug 27 2025 18:5:4 [MY_SERVER] info: [34mA user connected[39m
Wed Aug 27 2025 18:5:4 [MY_SERVER] info: [31mA user disconnect[39m
Wed Aug 27 2025 18:5:4 [MY_SERVER] info: [34mA user connected[39m
Wed Aug 27 2025 18:5:11 [MY_SERVER] info: [31mA user disconnect[39m
Wed Aug 27 2025 18:5:11 [MY_SERVER] info: [34mA user connected[39m
Wed Aug 27 2025 18:5:11 [MY_SERVER] info: [31mA user disconnect[39m
Wed Aug 27 2025 18:5:11 [MY_SERVER] info: [34mA user connected[39m
Wed Aug 27 2025 18:5:18 [MY_SERVER] info: [31mA user disconnect[39m
Wed Aug 27 2025 18:5:18 [MY_SERVER] info: [34mA user connected[39m
Wed Aug 27 2025 18:5:19 [MY_SERVER] info: [31mA user disconnect[39m
Wed Aug 27 2025 18:5:19 [MY_SERVER] info: [34mA user connected[39m
Wed Aug 27 2025 18:5:31 [MY_SERVER] info: [46m🚀 Database connected successfully[49m
Wed Aug 27 2025 18:5:31 [MY_SERVER] info: [33m♻️ Socket is listening on http://10.10.7.62:5000[39m
Wed Aug 27 2025 18:5:31 [MY_SERVER] info: [33m♻️  Application listening on http://10.10.7.62:5000[39m
Wed Aug 27 2025 18:5:31 [MY_SERVER] info: [34mA user connected[39m
Wed Aug 27 2025 18:5:31 [MY_SERVER] info: [34mA user connected[39m
Wed Aug 27 2025 18:5:31 [MY_SERVER] info: [34mA user connected[39m
Wed Aug 27 2025 18:5:31 [MY_SERVER] info: [34mA user connected[39m
Wed Aug 27 2025 18:6:10 [MY_SERVER] info: [31mA user disconnect[39m
Wed Aug 27 2025 18:6:10 [MY_SERVER] info: [34mA user connected[39m
Wed Aug 27 2025 18:6:10 [MY_SERVER] info: [31mA user disconnect[39m
Wed Aug 27 2025 18:6:10 [MY_SERVER] info: [34mA user connected[39m
Wed Aug 27 2025 18:6:16 [MY_SERVER] info: [31mA user disconnect[39m
Wed Aug 27 2025 18:6:16 [MY_SERVER] info: [34mA user connected[39m
Wed Aug 27 2025 18:6:16 [MY_SERVER] info: [31mA user disconnect[39m
Wed Aug 27 2025 18:6:16 [MY_SERVER] info: [34mA user connected[39m
Wed Aug 27 2025 18:7:21 [MY_SERVER] info: [31mA user disconnect[39m
Wed Aug 27 2025 18:7:21 [MY_SERVER] info: [34mA user connected[39m
Wed Aug 27 2025 18:7:22 [MY_SERVER] info: [31mA user disconnect[39m
Wed Aug 27 2025 18:7:22 [MY_SERVER] info: [34mA user connected[39m
Wed Aug 27 2025 18:7:25 [MY_SERVER] info: [31mA user disconnect[39m
Wed Aug 27 2025 18:7:25 [MY_SERVER] info: [31mA user disconnect[39m
Wed Aug 27 2025 18:7:25 [MY_SERVER] info: [34mA user connected[39m
Wed Aug 27 2025 18:7:25 [MY_SERVER] info: [34mA user connected[39m
Wed Aug 27 2025 18:7:31 [MY_SERVER] info: [31mA user disconnect[39m
Wed Aug 27 2025 18:7:31 [MY_SERVER] info: [34mA user connected[39m
Wed Aug 27 2025 18:7:32 [MY_SERVER] info: [31mA user disconnect[39m
Wed Aug 27 2025 18:7:32 [MY_SERVER] info: [34mA user connected[39m
Wed Aug 27 2025 18:7:42 [MY_SERVER] info: [31mA user disconnect[39m
Wed Aug 27 2025 18:7:42 [MY_SERVER] info: [34mA user connected[39m
Wed Aug 27 2025 18:7:42 [MY_SERVER] info: [31mA user disconnect[39m
Wed Aug 27 2025 18:7:42 [MY_SERVER] info: [34mA user connected[39m
Wed Aug 27 2025 18:7:54 [MY_SERVER] info: [31mA user disconnect[39m
Wed Aug 27 2025 18:7:54 [MY_SERVER] info: [34mA user connected[39m
Wed Aug 27 2025 18:7:54 [MY_SERVER] info: [31mA user disconnect[39m
Wed Aug 27 2025 18:7:54 [MY_SERVER] info: [34mA user connected[39m
Wed Aug 27 2025 18:8:2 [MY_SERVER] info: [31mA user disconnect[39m
Wed Aug 27 2025 18:8:2 [MY_SERVER] info: [34mA user connected[39m
Wed Aug 27 2025 18:8:2 [MY_SERVER] info: [31mA user disconnect[39m
Wed Aug 27 2025 18:8:2 [MY_SERVER] info: [34mA user connected[39m
Wed Aug 27 2025 18:8:10 [MY_SERVER] info: [31mA user disconnect[39m
Wed Aug 27 2025 18:8:10 [MY_SERVER] info: [34mA user connected[39m
Wed Aug 27 2025 18:8:10 [MY_SERVER] info: [31mA user disconnect[39m
Wed Aug 27 2025 18:8:10 [MY_SERVER] info: [34mA user connected[39m
Wed Aug 27 2025 18:8:34 [MY_SERVER] info: [31mA user disconnect[39m
Wed Aug 27 2025 18:8:34 [MY_SERVER] info: [34mA user connected[39m
Wed Aug 27 2025 18:8:35 [MY_SERVER] info: [31mA user disconnect[39m
Wed Aug 27 2025 18:8:35 [MY_SERVER] info: [34mA user connected[39m
Wed Aug 27 2025 18:8:38 [MY_SERVER] info: [31mA user disconnect[39m
Wed Aug 27 2025 18:8:38 [MY_SERVER] info: [34mA user connected[39m
Wed Aug 27 2025 18:8:38 [MY_SERVER] info: [31mA user disconnect[39m
Wed Aug 27 2025 18:8:38 [MY_SERVER] info: [34mA user connected[39m
Wed Aug 27 2025 18:8:43 [MY_SERVER] info: [31mA user disconnect[39m
Wed Aug 27 2025 18:8:43 [MY_SERVER] info: [34mA user connected[39m
Wed Aug 27 2025 18:8:43 [MY_SERVER] info: [31mA user disconnect[39m
Wed Aug 27 2025 18:8:43 [MY_SERVER] info: [34mA user connected[39m
Wed Aug 27 2025 18:8:46 [MY_SERVER] info: [31mA user disconnect[39m
Wed Aug 27 2025 18:8:46 [MY_SERVER] info: [34mA user connected[39m
Wed Aug 27 2025 18:8:47 [MY_SERVER] info: [31mA user disconnect[39m
Wed Aug 27 2025 18:8:47 [MY_SERVER] info: [34mA user connected[39m
Wed Aug 27 2025 18:9:26 [MY_SERVER] info: [31mA user disconnect[39m
Wed Aug 27 2025 18:9:26 [MY_SERVER] info: [34mA user connected[39m
Wed Aug 27 2025 18:9:26 [MY_SERVER] info: [31mA user disconnect[39m
Wed Aug 27 2025 18:9:26 [MY_SERVER] info: [34mA user connected[39m
Wed Aug 27 2025 18:12:25 [MY_SERVER] info: [31mA user disconnect[39m
Wed Aug 27 2025 18:12:25 [MY_SERVER] info: [34mA user connected[39m
Wed Aug 27 2025 18:12:25 [MY_SERVER] info: [31mA user disconnect[39m
Wed Aug 27 2025 18:12:25 [MY_SERVER] info: [34mA user connected[39m
Wed Aug 27 2025 18:13:34 [MY_SERVER] info: [31mA user disconnect[39m
Wed Aug 27 2025 18:13:34 [MY_SERVER] info: [34mA user connected[39m
Wed Aug 27 2025 18:13:34 [MY_SERVER] info: [31mA user disconnect[39m
Wed Aug 27 2025 18:13:34 [MY_SERVER] info: [34mA user connected[39m
Wed Aug 27 2025 18:13:44 [MY_SERVER] info: [31mA user disconnect[39m
Wed Aug 27 2025 18:13:44 [MY_SERVER] info: [34mA user connected[39m
Wed Aug 27 2025 18:13:44 [MY_SERVER] info: [31mA user disconnect[39m
Wed Aug 27 2025 18:13:44 [MY_SERVER] info: [34mA user connected[39m
Wed Aug 27 2025 18:13:57 [MY_SERVER] info: [31mA user disconnect[39m
Wed Aug 27 2025 18:13:57 [MY_SERVER] info: [34mA user connected[39m
Wed Aug 27 2025 18:13:58 [MY_SERVER] info: [31mA user disconnect[39m
Wed Aug 27 2025 18:13:58 [MY_SERVER] info: [34mA user connected[39m
Wed Aug 27 2025 18:14:51 [MY_SERVER] info: [31mA user disconnect[39m
Wed Aug 27 2025 18:14:51 [MY_SERVER] info: [34mA user connected[39m
Wed Aug 27 2025 18:14:51 [MY_SERVER] info: [31mA user disconnect[39m
Wed Aug 27 2025 18:14:51 [MY_SERVER] info: [34mA user connected[39m
Wed Aug 27 2025 18:15:5 [MY_SERVER] info: [31mA user disconnect[39m
Wed Aug 27 2025 18:15:5 [MY_SERVER] info: [34mA user connected[39m
Wed Aug 27 2025 18:15:6 [MY_SERVER] info: [31mA user disconnect[39m
Wed Aug 27 2025 18:15:6 [MY_SERVER] info: [34mA user connected[39m
Wed Aug 27 2025 18:15:13 [MY_SERVER] info: [31mA user disconnect[39m
Wed Aug 27 2025 18:15:13 [MY_SERVER] info: [34mA user connected[39m
Wed Aug 27 2025 18:15:13 [MY_SERVER] info: [31mA user disconnect[39m
Wed Aug 27 2025 18:15:13 [MY_SERVER] info: [34mA user connected[39m
Wed Aug 27 2025 18:15:17 [MY_SERVER] info: [31mA user disconnect[39m
Wed Aug 27 2025 18:15:17 [MY_SERVER] info: [34mA user connected[39m
Wed Aug 27 2025 18:15:18 [MY_SERVER] info: [31mA user disconnect[39m
Wed Aug 27 2025 18:15:18 [MY_SERVER] info: [34mA user connected[39m
Wed Aug 27 2025 18:15:23 [MY_SERVER] info: [31mA user disconnect[39m
Wed Aug 27 2025 18:15:23 [MY_SERVER] info: [34mA user connected[39m
Wed Aug 27 2025 18:15:23 [MY_SERVER] info: [31mA user disconnect[39m
Wed Aug 27 2025 18:15:23 [MY_SERVER] info: [34mA user connected[39m
Wed Aug 27 2025 18:15:34 [MY_SERVER] info: [31mA user disconnect[39m
Wed Aug 27 2025 18:15:34 [MY_SERVER] info: [34mA user connected[39m
Wed Aug 27 2025 18:15:35 [MY_SERVER] info: [31mA user disconnect[39m
Wed Aug 27 2025 18:15:35 [MY_SERVER] info: [34mA user connected[39m
Wed Aug 27 2025 18:15:41 [MY_SERVER] info: [31mA user disconnect[39m
Wed Aug 27 2025 18:15:41 [MY_SERVER] info: [31mA user disconnect[39m
Wed Aug 27 2025 18:15:42 [MY_SERVER] info: [34mA user connected[39m
Wed Aug 27 2025 18:15:42 [MY_SERVER] info: [34mA user connected[39m
Wed Aug 27 2025 18:15:43 [MY_SERVER] info: [31mA user disconnect[39m
Wed Aug 27 2025 18:15:43 [MY_SERVER] info: [34mA user connected[39m
Wed Aug 27 2025 18:15:44 [MY_SERVER] info: [31mA user disconnect[39m
Wed Aug 27 2025 18:15:44 [MY_SERVER] info: [34mA user connected[39m
Wed Aug 27 2025 18:15:51 [MY_SERVER] info: [31mA user disconnect[39m
Wed Aug 27 2025 18:15:51 [MY_SERVER] info: [34mA user connected[39m
Wed Aug 27 2025 18:15:52 [MY_SERVER] info: [31mA user disconnect[39m
Wed Aug 27 2025 18:15:52 [MY_SERVER] info: [34mA user connected[39m
Wed Aug 27 2025 18:15:58 [MY_SERVER] info: [31mA user disconnect[39m
Wed Aug 27 2025 18:15:58 [MY_SERVER] info: [34mA user connected[39m
Wed Aug 27 2025 18:15:59 [MY_SERVER] info: [31mA user disconnect[39m
Wed Aug 27 2025 18:15:59 [MY_SERVER] info: [34mA user connected[39m
Wed Aug 27 2025 18:17:37 [MY_SERVER] info: [31mA user disconnect[39m
Wed Aug 27 2025 18:17:37 [MY_SERVER] info: [31mA user disconnect[39m
Wed Aug 27 2025 18:17:38 [MY_SERVER] info: [34mA user connected[39m
Wed Aug 27 2025 18:17:39 [MY_SERVER] info: [34mA user connected[39m
Wed Aug 27 2025 18:18:10 [MY_SERVER] info: [31mA user disconnect[39m
Wed Aug 27 2025 18:18:10 [MY_SERVER] info: [34mA user connected[39m
Wed Aug 27 2025 18:18:10 [MY_SERVER] info: [31mA user disconnect[39m
Wed Aug 27 2025 18:18:10 [MY_SERVER] info: [34mA user connected[39m
Wed Aug 27 2025 18:19:13 [MY_SERVER] info: [46m🚀 Database connected successfully[49m
Wed Aug 27 2025 18:19:13 [MY_SERVER] info: [33m♻️ Socket is listening on http://10.10.7.62:5000[39m
Wed Aug 27 2025 18:19:13 [MY_SERVER] info: [33m♻️  Application listening on http://10.10.7.62:5000[39m
Wed Aug 27 2025 18:19:14 [MY_SERVER] info: [34mA user connected[39m
Wed Aug 27 2025 18:19:14 [MY_SERVER] info: [34mA user connected[39m
Wed Aug 27 2025 18:19:14 [MY_SERVER] info: [34mA user connected[39m
Wed Aug 27 2025 18:19:14 [MY_SERVER] info: [34mA user connected[39m
Wed Aug 27 2025 18:19:16 [MY_SERVER] info: [46m🚀 Database connected successfully[49m
Wed Aug 27 2025 18:19:16 [MY_SERVER] info: [33m♻️ Socket is listening on http://10.10.7.62:5000[39m
Wed Aug 27 2025 18:19:16 [MY_SERVER] info: [33m♻️  Application listening on http://10.10.7.62:5000[39m
Wed Aug 27 2025 18:19:17 [MY_SERVER] info: [34mA user connected[39m
Wed Aug 27 2025 18:19:17 [MY_SERVER] info: [34mA user connected[39m
Wed Aug 27 2025 18:19:17 [MY_SERVER] info: [34mA user connected[39m
Wed Aug 27 2025 18:19:17 [MY_SERVER] info: [34mA user connected[39m
Wed Aug 27 2025 18:19:32 [MY_SERVER] info: [46m🚀 Database connected successfully[49m
Wed Aug 27 2025 18:19:32 [MY_SERVER] info: [33m♻️ Socket is listening on http://10.10.7.62:5000[39m
Wed Aug 27 2025 18:19:32 [MY_SERVER] info: [33m♻️  Application listening on http://10.10.7.62:5000[39m
Wed Aug 27 2025 18:19:33 [MY_SERVER] info: [34mA user connected[39m
Wed Aug 27 2025 18:19:33 [MY_SERVER] info: [34mA user connected[39m
Wed Aug 27 2025 18:19:33 [MY_SERVER] info: [34mA user connected[39m
Wed Aug 27 2025 18:19:33 [MY_SERVER] info: [34mA user connected[39m
Wed Aug 27 2025 18:19:35 [MY_SERVER] info: [46m🚀 Database connected successfully[49m
Wed Aug 27 2025 18:19:35 [MY_SERVER] info: [33m♻️ Socket is listening on http://10.10.7.62:5000[39m
Wed Aug 27 2025 18:19:35 [MY_SERVER] info: [33m♻️  Application listening on http://10.10.7.62:5000[39m
Wed Aug 27 2025 18:19:36 [MY_SERVER] info: [34mA user connected[39m
Wed Aug 27 2025 18:19:36 [MY_SERVER] info: [34mA user connected[39m
Wed Aug 27 2025 18:19:36 [MY_SERVER] info: [34mA user connected[39m
Wed Aug 27 2025 18:19:37 [MY_SERVER] info: [34mA user connected[39m
Wed Aug 27 2025 18:19:38 [MY_SERVER] info: [46m🚀 Database connected successfully[49m
Wed Aug 27 2025 18:19:38 [MY_SERVER] info: [33m♻️ Socket is listening on http://10.10.7.62:5000[39m
Wed Aug 27 2025 18:19:38 [MY_SERVER] info: [33m♻️  Application listening on http://10.10.7.62:5000[39m
Wed Aug 27 2025 18:19:39 [MY_SERVER] info: [34mA user connected[39m
Wed Aug 27 2025 18:19:39 [MY_SERVER] info: [34mA user connected[39m
Wed Aug 27 2025 18:19:39 [MY_SERVER] info: [34mA user connected[39m
Wed Aug 27 2025 18:19:39 [MY_SERVER] info: [34mA user connected[39m
Wed Aug 27 2025 18:19:45 [MY_SERVER] info: [46m🚀 Database connected successfully[49m
Wed Aug 27 2025 18:19:45 [MY_SERVER] info: [33m♻️ Socket is listening on http://10.10.7.62:5000[39m
Wed Aug 27 2025 18:19:45 [MY_SERVER] info: [33m♻️  Application listening on http://10.10.7.62:5000[39m
Wed Aug 27 2025 18:19:45 [MY_SERVER] info: [34mA user connected[39m
Wed Aug 27 2025 18:19:45 [MY_SERVER] info: [34mA user connected[39m
Wed Aug 27 2025 18:19:46 [MY_SERVER] info: [34mA user connected[39m
Wed Aug 27 2025 18:19:46 [MY_SERVER] info: [34mA user connected[39m
Wed Aug 27 2025 18:19:52 [MY_SERVER] info: [46m🚀 Database connected successfully[49m
Wed Aug 27 2025 18:19:52 [MY_SERVER] info: [33m♻️ Socket is listening on http://10.10.7.62:5000[39m
Wed Aug 27 2025 18:19:52 [MY_SERVER] info: [33m♻️  Application listening on http://10.10.7.62:5000[39m
Wed Aug 27 2025 18:19:53 [MY_SERVER] info: [34mA user connected[39m
Wed Aug 27 2025 18:19:53 [MY_SERVER] info: [34mA user connected[39m
Wed Aug 27 2025 18:19:53 [MY_SERVER] info: [34mA user connected[39m
Wed Aug 27 2025 18:19:53 [MY_SERVER] info: [34mA user connected[39m
Wed Aug 27 2025 18:19:59 [MY_SERVER] info: [46m🚀 Database connected successfully[49m
Wed Aug 27 2025 18:19:59 [MY_SERVER] info: [33m♻️ Socket is listening on http://10.10.7.62:5000[39m
Wed Aug 27 2025 18:19:59 [MY_SERVER] info: [33m♻️  Application listening on http://10.10.7.62:5000[39m
Wed Aug 27 2025 18:19:59 [MY_SERVER] info: [34mA user connected[39m
Wed Aug 27 2025 18:20:0 [MY_SERVER] info: [46m🚀 Database connected successfully[49m
Wed Aug 27 2025 18:20:0 [MY_SERVER] info: [33m♻️ Socket is listening on http://10.10.7.62:5000[39m
Wed Aug 27 2025 18:20:0 [MY_SERVER] info: [33m♻️  Application listening on http://10.10.7.62:5000[39m
Wed Aug 27 2025 18:20:1 [MY_SERVER] info: [34mA user connected[39m
Wed Aug 27 2025 18:20:1 [MY_SERVER] info: [34mA user connected[39m
Wed Aug 27 2025 18:20:1 [MY_SERVER] info: [34mA user connected[39m
Wed Aug 27 2025 18:20:1 [MY_SERVER] info: [34mA user connected[39m
Wed Aug 27 2025 18:20:3 [MY_SERVER] info: [31mA user disconnect[39m
Wed Aug 27 2025 18:20:3 [MY_SERVER] info: [34mA user connected[39m
Wed Aug 27 2025 18:20:3 [MY_SERVER] info: [31mA user disconnect[39m
Wed Aug 27 2025 18:20:3 [MY_SERVER] info: [34mA user connected[39m
Wed Aug 27 2025 18:20:7 [MY_SERVER] info: [31mA user disconnect[39m
Wed Aug 27 2025 18:20:7 [MY_SERVER] info: [34mA user connected[39m
Wed Aug 27 2025 18:20:7 [MY_SERVER] info: [31mA user disconnect[39m
Wed Aug 27 2025 18:20:7 [MY_SERVER] info: [34mA user connected[39m
Wed Aug 27 2025 18:20:50 [MY_SERVER] info: [46m🚀 Database connected successfully[49m
Wed Aug 27 2025 18:20:50 [MY_SERVER] info: [33m♻️ Socket is listening on http://10.10.7.62:5000[39m
Wed Aug 27 2025 18:20:50 [MY_SERVER] info: [33m♻️  Application listening on http://10.10.7.62:5000[39m
Wed Aug 27 2025 18:20:51 [MY_SERVER] info: [34mA user connected[39m
Wed Aug 27 2025 18:20:51 [MY_SERVER] info: [34mA user connected[39m
Wed Aug 27 2025 18:20:51 [MY_SERVER] info: [34mA user connected[39m
Wed Aug 27 2025 18:20:51 [MY_SERVER] info: [34mA user connected[39m
Wed Aug 27 2025 18:22:1 [MY_SERVER] info: [31mA user disconnect[39m
Wed Aug 27 2025 18:22:1 [MY_SERVER] info: [34mA user connected[39m
Wed Aug 27 2025 18:22:2 [MY_SERVER] info: [31mA user disconnect[39m
Wed Aug 27 2025 18:22:2 [MY_SERVER] info: [34mA user connected[39m
Wed Aug 27 2025 18:22:2 [MY_SERVER] info: [31mA user disconnect[39m
Wed Aug 27 2025 18:22:2 [MY_SERVER] info: [34mA user connected[39m
Wed Aug 27 2025 18:22:3 [MY_SERVER] info: [31mA user disconnect[39m
Wed Aug 27 2025 18:22:3 [MY_SERVER] info: [34mA user connected[39m
Wed Aug 27 2025 18:22:11 [MY_SERVER] info: [31mA user disconnect[39m
Wed Aug 27 2025 18:22:11 [MY_SERVER] info: [31mA user disconnect[39m
Wed Aug 27 2025 18:22:12 [MY_SERVER] info: [34mA user connected[39m
Wed Aug 27 2025 18:22:12 [MY_SERVER] info: [34mA user connected[39m
Wed Aug 27 2025 18:22:21 [MY_SERVER] info: [31mA user disconnect[39m
Wed Aug 27 2025 18:22:21 [MY_SERVER] info: [34mA user connected[39m
Wed Aug 27 2025 18:22:21 [MY_SERVER] info: [31mA user disconnect[39m
Wed Aug 27 2025 18:22:21 [MY_SERVER] info: [34mA user connected[39m
Wed Aug 27 2025 18:22:25 [MY_SERVER] info: [31mA user disconnect[39m
Wed Aug 27 2025 18:22:25 [MY_SERVER] info: [31mA user disconnect[39m
Wed Aug 27 2025 18:22:26 [MY_SERVER] info: [34mA user connected[39m
Wed Aug 27 2025 18:22:26 [MY_SERVER] info: [34mA user connected[39m
Wed Aug 27 2025 18:22:35 [MY_SERVER] info: [31mA user disconnect[39m
Wed Aug 27 2025 18:22:35 [MY_SERVER] info: [31mA user disconnect[39m
Wed Aug 27 2025 18:22:36 [MY_SERVER] info: [34mA user connected[39m
Wed Aug 27 2025 18:22:36 [MY_SERVER] info: [34mA user connected[39m
Wed Aug 27 2025 18:23:42 [MY_SERVER] info: [31mA user disconnect[39m
Wed Aug 27 2025 18:23:42 [MY_SERVER] info: [34mA user connected[39m
Wed Aug 27 2025 18:23:43 [MY_SERVER] info: [31mA user disconnect[39m
Wed Aug 27 2025 18:23:43 [MY_SERVER] info: [34mA user connected[39m
Wed Aug 27 2025 18:24:11 [MY_SERVER] info: [31mA user disconnect[39m
Wed Aug 27 2025 18:24:11 [MY_SERVER] info: [34mA user connected[39m
Wed Aug 27 2025 18:24:12 [MY_SERVER] info: [31mA user disconnect[39m
Wed Aug 27 2025 18:24:12 [MY_SERVER] info: [34mA user connected[39m
Wed Aug 27 2025 18:24:19 [MY_SERVER] info: [31mA user disconnect[39m
Wed Aug 27 2025 18:24:19 [MY_SERVER] info: [34mA user connected[39m
Wed Aug 27 2025 18:24:19 [MY_SERVER] info: [31mA user disconnect[39m
Wed Aug 27 2025 18:24:19 [MY_SERVER] info: [34mA user connected[39m
Wed Aug 27 2025 18:24:28 [MY_SERVER] info: [31mA user disconnect[39m
Wed Aug 27 2025 18:24:28 [MY_SERVER] info: [34mA user connected[39m
Wed Aug 27 2025 18:24:28 [MY_SERVER] info: [31mA user disconnect[39m
Wed Aug 27 2025 18:24:28 [MY_SERVER] info: [34mA user connected[39m
Wed Aug 27 2025 18:24:49 [MY_SERVER] info: [31mA user disconnect[39m
Wed Aug 27 2025 18:24:49 [MY_SERVER] info: [34mA user connected[39m
Wed Aug 27 2025 18:24:49 [MY_SERVER] info: [31mA user disconnect[39m
Wed Aug 27 2025 18:24:49 [MY_SERVER] info: [34mA user connected[39m
Wed Aug 27 2025 18:24:58 [MY_SERVER] info: [31mA user disconnect[39m
Wed Aug 27 2025 18:24:58 [MY_SERVER] info: [34mA user connected[39m
Wed Aug 27 2025 18:24:58 [MY_SERVER] info: [31mA user disconnect[39m
Wed Aug 27 2025 18:24:58 [MY_SERVER] info: [34mA user connected[39m
Wed Aug 27 2025 18:25:39 [MY_SERVER] info: [31mA user disconnect[39m
Wed Aug 27 2025 18:25:39 [MY_SERVER] info: [34mA user connected[39m
Wed Aug 27 2025 18:25:40 [MY_SERVER] info: [31mA user disconnect[39m
Wed Aug 27 2025 18:25:40 [MY_SERVER] info: [34mA user connected[39m
Wed Aug 27 2025 18:25:53 [MY_SERVER] info: [31mA user disconnect[39m
Wed Aug 27 2025 18:25:53 [MY_SERVER] info: [34mA user connected[39m
Wed Aug 27 2025 18:25:53 [MY_SERVER] info: [31mA user disconnect[39m
Wed Aug 27 2025 18:25:53 [MY_SERVER] info: [34mA user connected[39m
Wed Aug 27 2025 18:26:5 [MY_SERVER] info: [31mA user disconnect[39m
Wed Aug 27 2025 18:26:5 [MY_SERVER] info: [31mA user disconnect[39m
Wed Aug 27 2025 18:26:6 [MY_SERVER] info: [34mA user connected[39m
Wed Aug 27 2025 18:26:6 [MY_SERVER] info: [34mA user connected[39m
Wed Aug 27 2025 18:30:53 [MY_SERVER] info: [31mA user disconnect[39m
Wed Aug 27 2025 18:30:53 [MY_SERVER] info: [34mA user connected[39m
Wed Aug 27 2025 18:30:53 [MY_SERVER] info: [31mA user disconnect[39m
Wed Aug 27 2025 18:30:53 [MY_SERVER] info: [34mA user connected[39m
Wed Aug 27 2025 18:31:1 [MY_SERVER] info: [31mA user disconnect[39m
Wed Aug 27 2025 18:31:1 [MY_SERVER] info: [31mA user disconnect[39m
