Wed Aug 27 2025 17:0:49 [MY_SERVER] info: [31mA user disconnect[39m
Wed Aug 27 2025 17:0:49 [MY_SERVER] info: [31mA user disconnect[39m
Wed Aug 27 2025 17:0:49 [MY_SERVER] info: [34mA user connected[39m
Wed Aug 27 2025 17:0:49 [MY_SERVER] info: [34mA user connected[39m
Wed Aug 27 2025 17:1:5 [MY_SERVER] info: [31mA user disconnect[39m
Wed Aug 27 2025 17:1:5 [MY_SERVER] info: [31mA user disconnect[39m
Wed Aug 27 2025 17:1:6 [MY_SERVER] info: [34mA user connected[39m
Wed Aug 27 2025 17:1:6 [MY_SERVER] info: [34mA user connected[39m
Wed Aug 27 2025 17:3:23 [MY_SERVER] info: [31mA user disconnect[39m
Wed Aug 27 2025 17:3:23 [MY_SERVER] info: [31mA user disconnect[39m
Wed Aug 27 2025 17:3:24 [MY_SERVER] info: [34mA user connected[39m
Wed Aug 27 2025 17:3:24 [MY_SERVER] info: [34mA user connected[39m
Wed Aug 27 2025 17:29:15 [MY_SERVER] info: [31mA user disconnect[39m
Wed Aug 27 2025 17:29:15 [MY_SERVER] info: [31mA user disconnect[39m
Wed Aug 27 2025 17:29:49 [MY_SERVER] info: [34mA user connected[39m
Wed Aug 27 2025 17:29:51 [MY_SERVER] info: [34mA user connected[39m
Wed Aug 27 2025 17:30:26 [MY_SERVER] info: [31mA user disconnect[39m
Wed Aug 27 2025 17:30:26 [MY_SERVER] info: [31mA user disconnect[39m
Wed Aug 27 2025 17:30:27 [MY_SERVER] info: [34mA user connected[39m
Wed Aug 27 2025 17:30:27 [MY_SERVER] info: [34mA user connected[39m
Wed Aug 27 2025 17:45:11 [MY_SERVER] info: [31mA user disconnect[39m
Wed Aug 27 2025 17:45:11 [MY_SERVER] info: [31mA user disconnect[39m
Wed Aug 27 2025 17:45:12 [MY_SERVER] info: [34mA user connected[39m
Wed Aug 27 2025 17:45:12 [MY_SERVER] info: [34mA user connected[39m
Wed Aug 27 2025 17:47:18 [MY_SERVER] info: [31mA user disconnect[39m
Wed Aug 27 2025 17:47:18 [MY_SERVER] info: [31mA user disconnect[39m
Wed Aug 27 2025 17:47:19 [MY_SERVER] info: [34mA user connected[39m
Wed Aug 27 2025 17:47:19 [MY_SERVER] info: [34mA user connected[39m
Wed Aug 27 2025 17:49:30 [MY_SERVER] info: [31mA user disconnect[39m
Wed Aug 27 2025 17:49:30 [MY_SERVER] info: [34mA user connected[39m
Wed Aug 27 2025 17:49:46 [MY_SERVER] info: [31mA user disconnect[39m
Wed Aug 27 2025 17:49:46 [MY_SERVER] info: [34mA user connected[39m
Wed Aug 27 2025 17:49:59 [MY_SERVER] info: [31mA user disconnect[39m
Wed Aug 27 2025 17:49:59 [MY_SERVER] info: [34mA user connected[39m
Wed Aug 27 2025 17:50:9 [MY_SERVER] info: [31mA user disconnect[39m
Wed Aug 27 2025 17:50:9 [MY_SERVER] info: [34mA user connected[39m
Wed Aug 27 2025 17:50:19 [MY_SERVER] info: [31mA user disconnect[39m
Wed Aug 27 2025 17:50:19 [MY_SERVER] info: [34mA user connected[39m
Wed Aug 27 2025 17:50:29 [MY_SERVER] info: [31mA user disconnect[39m
Wed Aug 27 2025 17:50:29 [MY_SERVER] info: [34mA user connected[39m
Wed Aug 27 2025 17:50:44 [MY_SERVER] info: [31mA user disconnect[39m
Wed Aug 27 2025 17:50:44 [MY_SERVER] info: [34mA user connected[39m
Wed Aug 27 2025 17:51:0 [MY_SERVER] info: [31mA user disconnect[39m
Wed Aug 27 2025 17:51:0 [MY_SERVER] info: [34mA user connected[39m
Wed Aug 27 2025 17:51:46 [MY_SERVER] info: [31mA user disconnect[39m
Wed Aug 27 2025 17:51:46 [MY_SERVER] info: [34mA user connected[39m
Wed Aug 27 2025 17:51:59 [MY_SERVER] info: [31mA user disconnect[39m
Wed Aug 27 2025 17:51:59 [MY_SERVER] info: [34mA user connected[39m
Wed Aug 27 2025 17:52:16 [MY_SERVER] info: [31mA user disconnect[39m
Wed Aug 27 2025 17:52:16 [MY_SERVER] info: [34mA user connected[39m
Wed Aug 27 2025 17:54:27 [MY_SERVER] info: [31mA user disconnect[39m
Wed Aug 27 2025 17:54:27 [MY_SERVER] info: [31mA user disconnect[39m
Wed Aug 27 2025 17:54:27 [MY_SERVER] info: [34mA user connected[39m
Wed Aug 27 2025 17:54:27 [MY_SERVER] info: [34mA user connected[39m
Wed Aug 27 2025 17:54:33 [MY_SERVER] info: [31mA user disconnect[39m
Wed Aug 27 2025 17:54:33 [MY_SERVER] info: [31mA user disconnect[39m
Wed Aug 27 2025 17:54:34 [MY_SERVER] info: [34mA user connected[39m
Wed Aug 27 2025 17:54:34 [MY_SERVER] info: [34mA user connected[39m
Wed Aug 27 2025 17:54:53 [MY_SERVER] info: [46m🚀 Database connected successfully[49m
Wed Aug 27 2025 17:54:53 [MY_SERVER] info: [33m♻️ Socket is listening on http://10.10.7.62:5000[39m
Wed Aug 27 2025 17:54:53 [MY_SERVER] info: [33m♻️  Application listening on http://10.10.7.62:5000[39m
Wed Aug 27 2025 17:54:55 [MY_SERVER] info: [34mA user connected[39m
Wed Aug 27 2025 17:54:55 [MY_SERVER] info: [34mA user connected[39m
Wed Aug 27 2025 17:55:56 [MY_SERVER] info: [31mA user disconnect[39m
Wed Aug 27 2025 17:55:56 [MY_SERVER] info: [31mA user disconnect[39m
Wed Aug 27 2025 17:55:57 [MY_SERVER] info: [34mA user connected[39m
Wed Aug 27 2025 17:55:57 [MY_SERVER] info: [34mA user connected[39m
Wed Aug 27 2025 17:56:45 [MY_SERVER] info: [31mA user disconnect[39m
Wed Aug 27 2025 17:56:45 [MY_SERVER] info: [31mA user disconnect[39m
Wed Aug 27 2025 17:56:46 [MY_SERVER] info: [34mA user connected[39m
Wed Aug 27 2025 17:56:46 [MY_SERVER] info: [34mA user connected[39m
Wed Aug 27 2025 17:59:34 [MY_SERVER] info: [31mA user disconnect[39m
Wed Aug 27 2025 17:59:34 [MY_SERVER] info: [34mA user connected[39m
Wed Aug 27 2025 17:59:59 [MY_SERVER] info: [31mA user disconnect[39m
Wed Aug 27 2025 17:59:59 [MY_SERVER] info: [34mA user connected[39m
