Sat Jun 28 2025 17:7:5 [MY_SERVER] info: [31mA user disconnect[39m
Sat Jun 28 2025 17:7:6 [MY_SERVER] info: [34mA user connected[39m
Sat Jun 28 2025 17:9:16 [MY_SERVER] info: [46m🚀 Database connected successfully[49m
Sat Jun 28 2025 17:9:16 [MY_SERVER] info: [33m♻️ Socket is listening on http://10.0.60.126:5000[39m
Sat Jun 28 2025 17:9:16 [MY_SERVER] info: [33m♻️  Application listening on http://10.0.60.126:5000[39m
Sat Jun 28 2025 17:9:17 [MY_SERVER] info: [34mA user connected[39m
Sat Jun 28 2025 17:10:27 [MY_SERVER] info: [31mA user disconnect[39m
Sat Jun 28 2025 17:10:28 [MY_SERVER] info: [34mA user connected[39m
Sat Jun 28 2025 17:16:56 [MY_SERVER] info: [31mA user disconnect[39m
Sat Jun 28 2025 17:16:57 [MY_SERVER] info: [34mA user connected[39m
Sat Jun 28 2025 17:19:20 [MY_SERVER] info: [31mA user disconnect[39m
Sat Jun 28 2025 17:19:22 [MY_SERVER] info: [34mA user connected[39m
Sat Jun 28 2025 17:23:5 [MY_SERVER] info: [31mA user disconnect[39m
Sat Jun 28 2025 17:23:6 [MY_SERVER] info: [34mA user connected[39m
Sat Jun 28 2025 17:28:51 [MY_SERVER] info: [31mA user disconnect[39m
Sat Jun 28 2025 17:28:53 [MY_SERVER] info: [34mA user connected[39m
Sat Jun 28 2025 17:40:11 [MY_SERVER] info: [31mA user disconnect[39m
Sat Jun 28 2025 17:40:13 [MY_SERVER] info: [34mA user connected[39m
Sat Jun 28 2025 17:44:0 [MY_SERVER] info: [46m🚀 Database connected successfully[49m
Sat Jun 28 2025 17:44:0 [MY_SERVER] info: [33m♻️ Socket is listening on http://10.0.60.126:5000[39m
Sat Jun 28 2025 17:44:0 [MY_SERVER] info: [33m♻️  Application listening on http://10.0.60.126:5000[39m
Sat Jun 28 2025 17:44:0 [MY_SERVER] info: [34mA user connected[39m
Sat Jun 28 2025 17:45:38 [MY_SERVER] info: [31mA user disconnect[39m
Sat Jun 28 2025 17:45:39 [MY_SERVER] info: [34mA user connected[39m
